<?xml version="1.0" encoding="UTF-8"?>
<!-- Generated by org.testng.reporters.JUnitXMLReporter -->
<testsuite hostname="SHELW42SLPC0883" name="Default test" tests="3" failures="0" timestamp="7 Sep 2019 14:41:54 GMT" time="0.49" errors="0">
  <testcase name="@BeforeClass CheckRunMode" time="0.011" classname="com.Shell.qa.TestCases.LoginPageTest">
    <skipped/>
  </testcase> <!-- @BeforeClass CheckRunMode -->
  <testcase name="@BeforeMethod SetUp" time="0.0" classname="com.Shell.qa.TestCases.LoginPageTest">
    <skipped/>
  </testcase> <!-- @BeforeMethod SetUp -->
  <testcase name="@AfterMethod QuitBrowser" time="0.0" classname="com.Shell.qa.TestCases.LoginPageTest">
    <skipped/>
  </testcase> <!-- @AfterMethod QuitBrowser -->
  <testcase name="@BeforeMethod SetUp" time="0.0" classname="com.Shell.qa.TestCases.LoginPageTest">
    <skipped/>
  </testcase> <!-- @BeforeMethod SetUp -->
  <testcase name="@AfterMethod QuitBrowser" time="0.0" classname="com.Shell.qa.TestCases.LoginPageTest">
    <skipped/>
  </testcase> <!-- @AfterMethod QuitBrowser -->
  <testcase name="@BeforeMethod SetUp" time="0.0" classname="com.Shell.qa.TestCases.LoginPageTest">
    <skipped/>
  </testcase> <!-- @BeforeMethod SetUp -->
  <testcase name="@AfterMethod QuitBrowser" time="0.0" classname="com.Shell.qa.TestCases.LoginPageTest">
    <skipped/>
  </testcase> <!-- @AfterMethod QuitBrowser -->
  <testcase name="@AfterTest endReport" time="0.0" classname="com.Shell.qa.TestCases.LoginPageTest">
    <skipped/>
  </testcase> <!-- @AfterTest endReport -->
  <testcase name="ValidateLoginPage" time="0.003" classname="com.Shell.qa.TestCases.LoginPageTest">
    <skipped/>
  </testcase> <!-- ValidateLoginPage -->
  <testcase name="LoginTest" time="0.003" classname="com.Shell.qa.TestCases.LoginPageTest">
    <skipped/>
  </testcase> <!-- LoginTest -->
  <testcase name="LoginTest" time="0.002" classname="com.Shell.qa.TestCases.LoginPageTest">
    <skipped/>
  </testcase> <!-- LoginTest -->
</testsuite> <!-- Default test -->
