<?xml version="1.0" encoding="UTF-8"?>
<!-- Generated by org.testng.reporters.JUnitXMLReporter -->
<testsuite hostname="SHELW42SLPC0883" name="Free CRM App Test Cases" tests="10" failures="1" timestamp="3 Sep 2019 18:28:59 GMT" time="327.572" errors="0">
  <testcase name="ValidateLoginPage" time="0.198" classname="com.Shell.qa.TestCases.LoginPageTest"/>
  <testcase name="LoginTest" time="25.345" classname="com.Shell.qa.TestCases.LoginPageTest"/>
  <testcase name="ValidateHomePage" time="0.058" classname="com.Shell.qa.TestCases.HomePageTest"/>
  <testcase name="ValidateOrderaCardLink" time="0.062" classname="com.Shell.qa.TestCases.HomePageTest"/>
  <testcase name="ValidateBlockCardLink" time="0.064" classname="com.Shell.qa.TestCases.HomePageTest"/>
  <testcase name="ValidateCancelCardLink" time="0.062" classname="com.Shell.qa.TestCases.HomePageTest"/>
  <testcase name="ValidateCardActivityLink" time="0.068" classname="com.Shell.qa.TestCases.HomePageTest"/>
  <testcase name="ValidateCardsLink" time="0.06" classname="com.Shell.qa.TestCases.HomePageTest"/>
  <testcase name="ValidateFinanceLink" time="0.063" classname="com.Shell.qa.TestCases.HomePageTest"/>
  <testcase name="HomeTest" time="40.549" classname="com.Shell.qa.TestCases.HomePageTest">
    <failure type="java.lang.AssertionError" message="On clicking cards from home page, unsuccessful to move to Cards Page">
      <![CDATA[java.lang.AssertionError: On clicking cards from home page, unsuccessful to move to Cards Page
	at com.Shell.qa.TestCases.HomePageTest.HomeTest(HomePageTest.java:108)
... Removed 25 stack frames]]>
    </failure>
  </testcase> <!-- HomeTest -->
</testsuite> <!-- Free CRM App Test Cases -->
