<?xml version="1.0" encoding="UTF-8"?>
<testng-results skipped="0" failed="2" total="12" passed="10">
  <reporter-output>
  </reporter-output>
  <suite name="AutomationSuite" duration-ms="576859" started-at="2019-09-09T09:14:40Z" finished-at="2019-09-09T09:24:17Z">
    <groups>
    </groups>
    <test name="LoginTest" duration-ms="138159" started-at="2019-09-09T09:14:40Z" finished-at="2019-09-09T09:16:58Z">
      <class name="com.Shell.qa.TestCases.LoginPageTest">
        <test-method status="PASS" signature="setExtent()[pri:0, instance:com.Shell.qa.TestCases.LoginPageTest@1139b2f3]" name="setExtent" is-config="true" duration-ms="380" started-at="2019-09-09T14:44:40Z" finished-at="2019-09-09T14:44:41Z">
          <reporter-output>
          </reporter-output>
        </test-method> <!-- setExtent -->
        <test-method status="PASS" signature="CheckRunMode()[pri:0, instance:com.Shell.qa.TestCases.LoginPageTest@1139b2f3]" name="CheckRunMode" is-config="true" duration-ms="16" started-at="2019-09-09T14:44:41Z" finished-at="2019-09-09T14:44:41Z">
          <reporter-output>
          </reporter-output>
        </test-method> <!-- CheckRunMode -->
        <test-method status="PASS" signature="SetUp()[pri:0, instance:com.Shell.qa.TestCases.LoginPageTest@1139b2f3]" name="SetUp" is-config="true" duration-ms="14003" started-at="2019-09-09T14:44:41Z" finished-at="2019-09-09T14:44:55Z">
          <reporter-output>
          </reporter-output>
        </test-method> <!-- SetUp -->
        <test-method status="PASS" signature="ValidateLoginPage()[pri:0, instance:com.Shell.qa.TestCases.LoginPageTest@1139b2f3]" name="ValidateLoginPage" duration-ms="114" started-at="2019-09-09T14:44:55Z" description="Validating Login page is getting displayed" finished-at="2019-09-09T14:44:55Z">
          <reporter-output>
          </reporter-output>
        </test-method> <!-- ValidateLoginPage -->
        <test-method status="PASS" signature="QuitBrowser(org.testng.ITestResult)[pri:0, instance:com.Shell.qa.TestCases.LoginPageTest@1139b2f3]" name="QuitBrowser" is-config="true" duration-ms="1786" started-at="2019-09-09T14:44:55Z" finished-at="2019-09-09T14:44:57Z">
          <params>
            <param index="0">
              <value>
                <![CDATA[[TestResult name=ValidateLoginPage status=SUCCESS method=LoginPageTest.ValidateLoginPage()[pri:0, instance:com.Shell.qa.TestCases.LoginPageTest@1139b2f3] output={null}]]]>
              </value>
            </param>
          </params>
          <reporter-output>
          </reporter-output>
        </test-method> <!-- QuitBrowser -->
        <test-method status="PASS" signature="SetUp()[pri:0, instance:com.Shell.qa.TestCases.LoginPageTest@1139b2f3]" name="SetUp" is-config="true" duration-ms="7864" started-at="2019-09-09T14:44:57Z" finished-at="2019-09-09T14:45:05Z">
          <reporter-output>
          </reporter-output>
        </test-method> <!-- SetUp -->
        <test-method status="PASS" signature="LoginTest(java.util.Hashtable)[pri:0, instance:com.Shell.qa.TestCases.LoginPageTest@1139b2f3]" name="LoginTest" duration-ms="48090" started-at="2019-09-09T14:45:05Z" description="Validating after Login, Home page is displayed" data-provider="getData" finished-at="2019-09-09T14:45:53Z">
          <params>
            <param index="0">
              <value>
                <![CDATA[{Password=HiP3rf0rm@ncefuel, UserName=AutomationSinglePayerSingleAccount}]]>
              </value>
            </param>
          </params>
          <reporter-output>
          </reporter-output>
        </test-method> <!-- LoginTest -->
        <test-method status="PASS" signature="QuitBrowser(org.testng.ITestResult)[pri:0, instance:com.Shell.qa.TestCases.LoginPageTest@1139b2f3]" name="QuitBrowser" is-config="true" duration-ms="1799" started-at="2019-09-09T14:45:53Z" finished-at="2019-09-09T14:45:54Z">
          <params>
            <param index="0">
              <value>
                <![CDATA[[TestResult name=LoginTest status=SUCCESS method=LoginPageTest.LoginTest(java.util.Hashtable)[pri:0, instance:com.Shell.qa.TestCases.LoginPageTest@1139b2f3] output={null}]]]>
              </value>
            </param>
          </params>
          <reporter-output>
          </reporter-output>
        </test-method> <!-- QuitBrowser -->
        <test-method status="PASS" signature="SetUp()[pri:0, instance:com.Shell.qa.TestCases.LoginPageTest@1139b2f3]" name="SetUp" is-config="true" duration-ms="8109" started-at="2019-09-09T14:45:54Z" finished-at="2019-09-09T14:46:03Z">
          <reporter-output>
          </reporter-output>
        </test-method> <!-- SetUp -->
        <test-method status="PASS" signature="LoginTest(java.util.Hashtable)[pri:0, instance:com.Shell.qa.TestCases.LoginPageTest@1139b2f3]" name="LoginTest" duration-ms="53449" started-at="2019-09-09T14:46:03Z" description="Validating after Login, Home page is displayed" data-provider="getData" finished-at="2019-09-09T14:46:56Z">
          <params>
            <param index="0">
              <value>
                <![CDATA[{Password=HiP3rf0rm@ncefuel, UserName=AutomationSinglePayerSingleAccount}]]>
              </value>
            </param>
          </params>
          <reporter-output>
          </reporter-output>
        </test-method> <!-- LoginTest -->
        <test-method status="PASS" signature="QuitBrowser(org.testng.ITestResult)[pri:0, instance:com.Shell.qa.TestCases.LoginPageTest@1139b2f3]" name="QuitBrowser" is-config="true" duration-ms="1839" started-at="2019-09-09T14:46:56Z" finished-at="2019-09-09T14:46:58Z">
          <params>
            <param index="0">
              <value>
                <![CDATA[[TestResult name=LoginTest status=SUCCESS method=LoginPageTest.LoginTest(java.util.Hashtable)[pri:0, instance:com.Shell.qa.TestCases.LoginPageTest@1139b2f3] output={null}]]]>
              </value>
            </param>
          </params>
          <reporter-output>
          </reporter-output>
        </test-method> <!-- QuitBrowser -->
        <test-method status="PASS" signature="endReport()[pri:0, instance:com.Shell.qa.TestCases.LoginPageTest@1139b2f3]" name="endReport" is-config="true" duration-ms="665" started-at="2019-09-09T14:46:58Z" finished-at="2019-09-09T14:46:58Z">
          <reporter-output>
          </reporter-output>
        </test-method> <!-- endReport -->
      </class> <!-- com.Shell.qa.TestCases.LoginPageTest -->
    </test> <!-- LoginTest -->
    <test name="HomePageTest" duration-ms="438652" started-at="2019-09-09T09:16:59Z" finished-at="2019-09-09T09:24:17Z">
      <class name="com.Shell.qa.TestCases.HomePageTest">
        <test-method status="PASS" signature="setExtent()[pri:0, instance:com.Shell.qa.TestCases.HomePageTest@498d318c]" name="setExtent" is-config="true" duration-ms="20" started-at="2019-09-09T14:46:59Z" finished-at="2019-09-09T14:46:59Z">
          <reporter-output>
          </reporter-output>
        </test-method> <!-- setExtent -->
        <test-method status="PASS" signature="CheckRunMode()[pri:0, instance:com.Shell.qa.TestCases.HomePageTest@498d318c]" name="CheckRunMode" is-config="true" duration-ms="4" started-at="2019-09-09T14:46:59Z" finished-at="2019-09-09T14:46:59Z">
          <reporter-output>
          </reporter-output>
        </test-method> <!-- CheckRunMode -->
        <test-method status="PASS" signature="SetUp()[pri:0, instance:com.Shell.qa.TestCases.HomePageTest@498d318c]" name="SetUp" is-config="true" duration-ms="43285" started-at="2019-09-09T14:46:59Z" finished-at="2019-09-09T14:47:42Z">
          <reporter-output>
          </reporter-output>
        </test-method> <!-- SetUp -->
        <test-method status="PASS" signature="ValidateHomePage()[pri:0, instance:com.Shell.qa.TestCases.HomePageTest@498d318c]" name="ValidateHomePage" duration-ms="78" started-at="2019-09-09T14:47:42Z" description="Validating Company Name on Home Page" finished-at="2019-09-09T14:47:42Z">
          <reporter-output>
          </reporter-output>
        </test-method> <!-- ValidateHomePage -->
        <test-method status="PASS" signature="QuitBrowser(org.testng.ITestResult)[pri:0, instance:com.Shell.qa.TestCases.HomePageTest@498d318c]" name="QuitBrowser" is-config="true" duration-ms="1772" started-at="2019-09-09T14:47:42Z" finished-at="2019-09-09T14:47:44Z">
          <params>
            <param index="0">
              <value>
                <![CDATA[[TestResult name=ValidateHomePage status=SUCCESS method=HomePageTest.ValidateHomePage()[pri:0, instance:com.Shell.qa.TestCases.HomePageTest@498d318c] output={null}]]]>
              </value>
            </param>
          </params>
          <reporter-output>
          </reporter-output>
        </test-method> <!-- QuitBrowser -->
        <test-method status="PASS" signature="SetUp()[pri:0, instance:com.Shell.qa.TestCases.HomePageTest@498d318c]" name="SetUp" is-config="true" duration-ms="46498" started-at="2019-09-09T14:47:44Z" finished-at="2019-09-09T14:48:30Z">
          <reporter-output>
          </reporter-output>
        </test-method> <!-- SetUp -->
        <test-method status="PASS" signature="ValidateOrderaCardLink()[pri:0, instance:com.Shell.qa.TestCases.HomePageTest@498d318c]" name="ValidateOrderaCardLink" duration-ms="276" started-at="2019-09-09T14:48:30Z" description="Validating &#039;Order a Card&#039; link on Home Page" finished-at="2019-09-09T14:48:30Z">
          <reporter-output>
          </reporter-output>
        </test-method> <!-- ValidateOrderaCardLink -->
        <test-method status="PASS" signature="QuitBrowser(org.testng.ITestResult)[pri:0, instance:com.Shell.qa.TestCases.HomePageTest@498d318c]" name="QuitBrowser" is-config="true" duration-ms="1955" started-at="2019-09-09T14:48:30Z" finished-at="2019-09-09T14:48:32Z">
          <params>
            <param index="0">
              <value>
                <![CDATA[[TestResult name=ValidateOrderaCardLink status=SUCCESS method=HomePageTest.ValidateOrderaCardLink()[pri:0, instance:com.Shell.qa.TestCases.HomePageTest@498d318c] output={null}]]]>
              </value>
            </param>
          </params>
          <reporter-output>
          </reporter-output>
        </test-method> <!-- QuitBrowser -->
        <test-method status="PASS" signature="SetUp()[pri:0, instance:com.Shell.qa.TestCases.HomePageTest@498d318c]" name="SetUp" is-config="true" duration-ms="35615" started-at="2019-09-09T14:48:32Z" finished-at="2019-09-09T14:49:08Z">
          <reporter-output>
          </reporter-output>
        </test-method> <!-- SetUp -->
        <test-method status="PASS" signature="ValidateBlockCardLink()[pri:0, instance:com.Shell.qa.TestCases.HomePageTest@498d318c]" name="ValidateBlockCardLink" duration-ms="84" started-at="2019-09-09T14:49:08Z" description="Validating &#039;Block card&#039; link on Home Page" finished-at="2019-09-09T14:49:08Z">
          <reporter-output>
          </reporter-output>
        </test-method> <!-- ValidateBlockCardLink -->
        <test-method status="PASS" signature="QuitBrowser(org.testng.ITestResult)[pri:0, instance:com.Shell.qa.TestCases.HomePageTest@498d318c]" name="QuitBrowser" is-config="true" duration-ms="1864" started-at="2019-09-09T14:49:08Z" finished-at="2019-09-09T14:49:10Z">
          <params>
            <param index="0">
              <value>
                <![CDATA[[TestResult name=ValidateBlockCardLink status=SUCCESS method=HomePageTest.ValidateBlockCardLink()[pri:0, instance:com.Shell.qa.TestCases.HomePageTest@498d318c] output={null}]]]>
              </value>
            </param>
          </params>
          <reporter-output>
          </reporter-output>
        </test-method> <!-- QuitBrowser -->
        <test-method status="PASS" signature="SetUp()[pri:0, instance:com.Shell.qa.TestCases.HomePageTest@498d318c]" name="SetUp" is-config="true" duration-ms="41440" started-at="2019-09-09T14:49:10Z" finished-at="2019-09-09T14:49:51Z">
          <reporter-output>
          </reporter-output>
        </test-method> <!-- SetUp -->
        <test-method status="PASS" signature="ValidateCancelCardLink()[pri:0, instance:com.Shell.qa.TestCases.HomePageTest@498d318c]" name="ValidateCancelCardLink" duration-ms="75" started-at="2019-09-09T14:49:51Z" description="Validating &#039;Cancel Card&#039; link on Home Page" finished-at="2019-09-09T14:49:52Z">
          <reporter-output>
          </reporter-output>
        </test-method> <!-- ValidateCancelCardLink -->
        <test-method status="PASS" signature="QuitBrowser(org.testng.ITestResult)[pri:0, instance:com.Shell.qa.TestCases.HomePageTest@498d318c]" name="QuitBrowser" is-config="true" duration-ms="1787" started-at="2019-09-09T14:49:52Z" finished-at="2019-09-09T14:49:53Z">
          <params>
            <param index="0">
              <value>
                <![CDATA[[TestResult name=ValidateCancelCardLink status=SUCCESS method=HomePageTest.ValidateCancelCardLink()[pri:0, instance:com.Shell.qa.TestCases.HomePageTest@498d318c] output={null}]]]>
              </value>
            </param>
          </params>
          <reporter-output>
          </reporter-output>
        </test-method> <!-- QuitBrowser -->
        <test-method status="PASS" signature="SetUp()[pri:0, instance:com.Shell.qa.TestCases.HomePageTest@498d318c]" name="SetUp" is-config="true" duration-ms="44901" started-at="2019-09-09T14:49:53Z" finished-at="2019-09-09T14:50:38Z">
          <reporter-output>
          </reporter-output>
        </test-method> <!-- SetUp -->
        <test-method status="PASS" signature="ValidateCardActivityLink()[pri:0, instance:com.Shell.qa.TestCases.HomePageTest@498d318c]" name="ValidateCardActivityLink" duration-ms="85" started-at="2019-09-09T14:50:38Z" description="Validating &#039;Card Activity&#039; link on Home Page" finished-at="2019-09-09T14:50:38Z">
          <reporter-output>
          </reporter-output>
        </test-method> <!-- ValidateCardActivityLink -->
        <test-method status="PASS" signature="QuitBrowser(org.testng.ITestResult)[pri:0, instance:com.Shell.qa.TestCases.HomePageTest@498d318c]" name="QuitBrowser" is-config="true" duration-ms="2072" started-at="2019-09-09T14:50:38Z" finished-at="2019-09-09T14:50:40Z">
          <params>
            <param index="0">
              <value>
                <![CDATA[[TestResult name=ValidateCardActivityLink status=SUCCESS method=HomePageTest.ValidateCardActivityLink()[pri:0, instance:com.Shell.qa.TestCases.HomePageTest@498d318c] output={null}]]]>
              </value>
            </param>
          </params>
          <reporter-output>
          </reporter-output>
        </test-method> <!-- QuitBrowser -->
        <test-method status="PASS" signature="SetUp()[pri:0, instance:com.Shell.qa.TestCases.HomePageTest@498d318c]" name="SetUp" is-config="true" duration-ms="39022" started-at="2019-09-09T14:50:40Z" finished-at="2019-09-09T14:51:19Z">
          <reporter-output>
          </reporter-output>
        </test-method> <!-- SetUp -->
        <test-method status="PASS" signature="ValidateCardsLink()[pri:0, instance:com.Shell.qa.TestCases.HomePageTest@498d318c]" name="ValidateCardsLink" duration-ms="82" started-at="2019-09-09T14:51:19Z" description="Validating &#039;Cards&#039; link on Home Page" finished-at="2019-09-09T14:51:19Z">
          <reporter-output>
          </reporter-output>
        </test-method> <!-- ValidateCardsLink -->
        <test-method status="PASS" signature="QuitBrowser(org.testng.ITestResult)[pri:0, instance:com.Shell.qa.TestCases.HomePageTest@498d318c]" name="QuitBrowser" is-config="true" duration-ms="1878" started-at="2019-09-09T14:51:19Z" finished-at="2019-09-09T14:51:21Z">
          <params>
            <param index="0">
              <value>
                <![CDATA[[TestResult name=ValidateCardsLink status=SUCCESS method=HomePageTest.ValidateCardsLink()[pri:0, instance:com.Shell.qa.TestCases.HomePageTest@498d318c] output={null}]]]>
              </value>
            </param>
          </params>
          <reporter-output>
          </reporter-output>
        </test-method> <!-- QuitBrowser -->
        <test-method status="PASS" signature="SetUp()[pri:0, instance:com.Shell.qa.TestCases.HomePageTest@498d318c]" name="SetUp" is-config="true" duration-ms="43812" started-at="2019-09-09T14:51:21Z" finished-at="2019-09-09T14:52:05Z">
          <reporter-output>
          </reporter-output>
        </test-method> <!-- SetUp -->
        <test-method status="PASS" signature="ValidateFinanceLink()[pri:0, instance:com.Shell.qa.TestCases.HomePageTest@498d318c]" name="ValidateFinanceLink" duration-ms="73" started-at="2019-09-09T14:52:05Z" description="Validating &#039;Finance&#039; link on Home Page" finished-at="2019-09-09T14:52:05Z">
          <reporter-output>
          </reporter-output>
        </test-method> <!-- ValidateFinanceLink -->
        <test-method status="PASS" signature="QuitBrowser(org.testng.ITestResult)[pri:0, instance:com.Shell.qa.TestCases.HomePageTest@498d318c]" name="QuitBrowser" is-config="true" duration-ms="1817" started-at="2019-09-09T14:52:05Z" finished-at="2019-09-09T14:52:07Z">
          <params>
            <param index="0">
              <value>
                <![CDATA[[TestResult name=ValidateFinanceLink status=SUCCESS method=HomePageTest.ValidateFinanceLink()[pri:0, instance:com.Shell.qa.TestCases.HomePageTest@498d318c] output={null}]]]>
              </value>
            </param>
          </params>
          <reporter-output>
          </reporter-output>
        </test-method> <!-- QuitBrowser -->
        <test-method status="PASS" signature="SetUp()[pri:0, instance:com.Shell.qa.TestCases.HomePageTest@498d318c]" name="SetUp" is-config="true" duration-ms="44539" started-at="2019-09-09T14:52:07Z" finished-at="2019-09-09T14:52:52Z">
          <reporter-output>
          </reporter-output>
        </test-method> <!-- SetUp -->
        <test-method status="FAIL" signature="HomeTest()[pri:0, instance:com.Shell.qa.TestCases.HomePageTest@498d318c]" name="HomeTest" duration-ms="20260" started-at="2019-09-09T14:52:52Z" description="Validating after clicking cards from Home Page, Cards page is displayed" finished-at="2019-09-09T14:53:12Z">
          <exception class="java.lang.AssertionError">
            <message>
              <![CDATA[On clicking cards from home page, unsuccessful to move to Cards Page]]>
            </message>
            <full-stacktrace>
              <![CDATA[java.lang.AssertionError: On clicking cards from home page, unsuccessful to move to Cards Page
	at org.testng.Assert.fail(Assert.java:94)
	at com.Shell.qa.TestCases.HomePageTest.HomeTest(HomePageTest.java:124)
	at sun.reflect.NativeMethodAccessorImpl.invoke0(Native Method)
	at sun.reflect.NativeMethodAccessorImpl.invoke(Unknown Source)
	at sun.reflect.DelegatingMethodAccessorImpl.invoke(Unknown Source)
	at java.lang.reflect.Method.invoke(Unknown Source)
	at org.testng.internal.MethodInvocationHelper.invokeMethod(MethodInvocationHelper.java:80)
	at org.testng.internal.Invoker.invokeMethod(Invoker.java:714)
	at org.testng.internal.Invoker.invokeTestMethod(Invoker.java:901)
	at org.testng.internal.Invoker.invokeTestMethods(Invoker.java:1231)
	at org.testng.internal.TestMethodWorker.invokeTestMethods(TestMethodWorker.java:127)
	at org.testng.internal.TestMethodWorker.run(TestMethodWorker.java:111)
	at org.testng.TestRunner.privateRun(TestRunner.java:767)
	at org.testng.TestRunner.run(TestRunner.java:617)
	at org.testng.SuiteRunner.runTest(SuiteRunner.java:334)
	at org.testng.SuiteRunner.runSequentially(SuiteRunner.java:329)
	at org.testng.SuiteRunner.privateRun(SuiteRunner.java:291)
	at org.testng.SuiteRunner.run(SuiteRunner.java:240)
	at org.testng.SuiteRunnerWorker.runSuite(SuiteRunnerWorker.java:52)
	at org.testng.SuiteRunnerWorker.run(SuiteRunnerWorker.java:86)
	at org.testng.TestNG.runSuitesSequentially(TestNG.java:1198)
	at org.testng.TestNG.runSuitesLocally(TestNG.java:1123)
	at org.testng.TestNG.run(TestNG.java:1031)
	at org.testng.remote.AbstractRemoteTestNG.run(AbstractRemoteTestNG.java:115)
	at org.testng.remote.RemoteTestNG.initAndRun(RemoteTestNG.java:251)
	at org.testng.remote.RemoteTestNG.main(RemoteTestNG.java:77)
]]>
            </full-stacktrace>
          </exception> <!-- java.lang.AssertionError -->
          <reporter-output>
          </reporter-output>
        </test-method> <!-- HomeTest -->
        <test-method status="PASS" signature="QuitBrowser(org.testng.ITestResult)[pri:0, instance:com.Shell.qa.TestCases.HomePageTest@498d318c]" name="QuitBrowser" is-config="true" duration-ms="2583" started-at="2019-09-09T14:53:12Z" finished-at="2019-09-09T14:53:14Z">
          <params>
            <param index="0">
              <value>
                <![CDATA[[TestResult name=HomeTest status=FAILURE method=HomePageTest.HomeTest()[pri:0, instance:com.Shell.qa.TestCases.HomePageTest@498d318c] output={null}]]]>
              </value>
            </param>
          </params>
          <reporter-output>
          </reporter-output>
        </test-method> <!-- QuitBrowser -->
        <test-method status="PASS" signature="SetUp()[pri:0, instance:com.Shell.qa.TestCases.HomePageTest@498d318c]" name="SetUp" is-config="true" duration-ms="39774" started-at="2019-09-09T14:53:14Z" finished-at="2019-09-09T14:53:54Z">
          <reporter-output>
          </reporter-output>
        </test-method> <!-- SetUp -->
        <test-method status="FAIL" signature="HomeTest()[pri:0, instance:com.Shell.qa.TestCases.HomePageTest@498d318c]" name="HomeTest" duration-ms="20268" started-at="2019-09-09T14:53:54Z" description="Validating after clicking cards from Home Page, Cards page is displayed" finished-at="2019-09-09T14:54:14Z">
          <exception class="java.lang.AssertionError">
            <message>
              <![CDATA[On clicking cards from home page, unsuccessful to move to Cards Page]]>
            </message>
            <full-stacktrace>
              <![CDATA[java.lang.AssertionError: On clicking cards from home page, unsuccessful to move to Cards Page
	at org.testng.Assert.fail(Assert.java:94)
	at com.Shell.qa.TestCases.HomePageTest.HomeTest(HomePageTest.java:124)
	at sun.reflect.NativeMethodAccessorImpl.invoke0(Native Method)
	at sun.reflect.NativeMethodAccessorImpl.invoke(Unknown Source)
	at sun.reflect.DelegatingMethodAccessorImpl.invoke(Unknown Source)
	at java.lang.reflect.Method.invoke(Unknown Source)
	at org.testng.internal.MethodInvocationHelper.invokeMethod(MethodInvocationHelper.java:80)
	at org.testng.internal.Invoker.invokeMethod(Invoker.java:714)
	at org.testng.internal.Invoker.retryFailed(Invoker.java:1049)
	at org.testng.internal.Invoker.invokeTestMethods(Invoker.java:1254)
	at org.testng.internal.TestMethodWorker.invokeTestMethods(TestMethodWorker.java:127)
	at org.testng.internal.TestMethodWorker.run(TestMethodWorker.java:111)
	at org.testng.TestRunner.privateRun(TestRunner.java:767)
	at org.testng.TestRunner.run(TestRunner.java:617)
	at org.testng.SuiteRunner.runTest(SuiteRunner.java:334)
	at org.testng.SuiteRunner.runSequentially(SuiteRunner.java:329)
	at org.testng.SuiteRunner.privateRun(SuiteRunner.java:291)
	at org.testng.SuiteRunner.run(SuiteRunner.java:240)
	at org.testng.SuiteRunnerWorker.runSuite(SuiteRunnerWorker.java:52)
	at org.testng.SuiteRunnerWorker.run(SuiteRunnerWorker.java:86)
	at org.testng.TestNG.runSuitesSequentially(TestNG.java:1198)
	at org.testng.TestNG.runSuitesLocally(TestNG.java:1123)
	at org.testng.TestNG.run(TestNG.java:1031)
	at org.testng.remote.AbstractRemoteTestNG.run(AbstractRemoteTestNG.java:115)
	at org.testng.remote.RemoteTestNG.initAndRun(RemoteTestNG.java:251)
	at org.testng.remote.RemoteTestNG.main(RemoteTestNG.java:77)
]]>
            </full-stacktrace>
          </exception> <!-- java.lang.AssertionError -->
          <reporter-output>
          </reporter-output>
        </test-method> <!-- HomeTest -->
        <test-method status="PASS" signature="QuitBrowser(org.testng.ITestResult)[pri:0, instance:com.Shell.qa.TestCases.HomePageTest@498d318c]" name="QuitBrowser" is-config="true" duration-ms="2441" started-at="2019-09-09T14:54:14Z" finished-at="2019-09-09T14:54:17Z">
          <params>
            <param index="0">
              <value>
                <![CDATA[[TestResult name=HomeTest status=FAILURE method=HomePageTest.HomeTest()[pri:0, instance:com.Shell.qa.TestCases.HomePageTest@498d318c] output={null}]]]>
              </value>
            </param>
          </params>
          <reporter-output>
          </reporter-output>
        </test-method> <!-- QuitBrowser -->
        <test-method status="PASS" signature="endReport()[pri:0, instance:com.Shell.qa.TestCases.HomePageTest@498d318c]" name="endReport" is-config="true" duration-ms="268" started-at="2019-09-09T14:54:17Z" finished-at="2019-09-09T14:54:17Z">
          <reporter-output>
          </reporter-output>
        </test-method> <!-- endReport -->
      </class> <!-- com.Shell.qa.TestCases.HomePageTest -->
    </test> <!-- HomePageTest -->
  </suite> <!-- AutomationSuite -->
</testng-results>
