<?xml version="1.0" encoding="UTF-8"?>
<!-- Generated by org.testng.reporters.JUnitXMLReporter -->
<testsuite hostname="SHELW42SLPC0883" name="HomePageTest" tests="9" failures="2" timestamp="9 Sep 2019 10:27:18 GMT" time="548.752" errors="0">
  <testcase name="ValidateHomePage" time="0.102" classname="com.Shell.qa.TestCases.TC02_HomePageTest"/>
  <testcase name="ValidateOrderaCardLink" time="0.065" classname="com.Shell.qa.TestCases.TC02_HomePageTest"/>
  <testcase name="ValidateBlockCardLink" time="0.101" classname="com.Shell.qa.TestCases.TC02_HomePageTest"/>
  <testcase name="ValidateCancelCardLink" time="0.065" classname="com.Shell.qa.TestCases.TC02_HomePageTest"/>
  <testcase name="ValidateCardActivityLink" time="0.068" classname="com.Shell.qa.TestCases.TC02_HomePageTest"/>
  <testcase name="ValidateCardsLink" time="0.064" classname="com.Shell.qa.TestCases.TC02_HomePageTest"/>
  <testcase name="ValidateFinanceLink" time="0.085" classname="com.Shell.qa.TestCases.TC02_HomePageTest"/>
  <testcase name="HomeTest" time="37.701" classname="com.Shell.qa.TestCases.TC02_HomePageTest">
    <failure type="java.lang.AssertionError" message="On clicking cards from home page, unsuccessful to move to Cards Page">
      <![CDATA[java.lang.AssertionError: On clicking cards from home page, unsuccessful to move to Cards Page
	at com.Shell.qa.TestCases.TC02_HomePageTest.HomeTest(TC02_HomePageTest.java:124)
... Removed 25 stack frames]]>
    </failure>
  </testcase> <!-- HomeTest -->
  <testcase name="HomeTest" time="31.462" classname="com.Shell.qa.TestCases.TC02_HomePageTest">
    <failure type="java.lang.AssertionError" message="On clicking cards from home page, unsuccessful to move to Cards Page">
      <![CDATA[java.lang.AssertionError: On clicking cards from home page, unsuccessful to move to Cards Page
	at com.Shell.qa.TestCases.TC02_HomePageTest.HomeTest(TC02_HomePageTest.java:124)
... Removed 25 stack frames]]>
    </failure>
  </testcase> <!-- HomeTest -->
</testsuite> <!-- HomePageTest -->
