<?xml version="1.0" encoding="UTF-8"?>
<!-- Generated by org.testng.reporters.JUnitXMLReporter -->
<testsuite hostname="SHELW42SLPC0883" name="LoginTest" tests="3" failures="0" timestamp="9 Sep 2019 10:18:10 GMT" time="110.485" errors="0">
  <testcase name="ValidateLoginPage" time="0.175" classname="com.Shell.qa.TestCases.TC01_LoginPageTest"/>
  <testcase name="LoginTest" time="50.406" classname="com.Shell.qa.TestCases.TC01_LoginPageTest"/>
  <testcase name="LoginTest" time="26.469" classname="com.Shell.qa.TestCases.TC01_LoginPageTest"/>
</testsuite> <!-- LoginTest -->
