<?xml version="1.0" encoding="UTF-8"?>
<!-- Generated by org.testng.reporters.JUnitXMLReporter -->
<testsuite hostname="SHELW42SLPC0883" name="ShellTest" tests="1" failures="1" timestamp="2 Sep 2019 18:35:33 GMT" time="57.861" errors="0">
  <testcase name="HomeTest" time="29.271" classname="com.Shell.qa.TestCases.HomePageTest">
    <failure type="java.lang.AssertionError" message="On clicking cards from home page, unsuccessful to move to Cards Page">
      <![CDATA[java.lang.AssertionError: On clicking cards from home page, unsuccessful to move to Cards Page
	at com.Shell.qa.TestCases.HomePageTest.HomeTest(HomePageTest.java:105)
... Removed 25 stack frames]]>
    </failure>
  </testcase> <!-- HomeTest -->
</testsuite> <!-- ShellTest -->
