<?xml version="1.0" encoding="UTF-8"?>
<!-- Generated by org.testng.reporters.JUnitXMLReporter -->
<testsuite hostname="SHELW42SLPC0883" name="TC01_LoginPageTest" tests="2" failures="0" timestamp="24 Oct 2019 06:32:32 GMT" time="51.292" errors="0">
  <testcase name="ValidateLoginPage" time="0.224" classname="com.Shell.qa.TestCases.TC01_LoginPageTest"/>
  <testcase name="LoginTest" time="14.542" classname="com.Shell.qa.TestCases.TC01_LoginPageTest"/>
</testsuite> <!-- TC01_LoginPageTest -->
