<?xml version="1.0" encoding="UTF-8"?>
<!-- Generated by org.testng.reporters.JUnitXMLReporter -->
<testsuite hostname="SHELW42SLPC0883" name="TC01_LoginPageTest" tests="3" failures="2" timestamp="24 Oct 2019 05:44:52 GMT" time="93.232" errors="0">
  <testcase name="ValidateLoginPage" time="0.252" classname="com.Shell.qa.TestCases.TC01_LoginPageTest"/>
  <testcase name="LoginTest" time="15.019" classname="com.Shell.qa.TestCases.TC01_LoginPageTest">
    <failure type="java.lang.AssertionError" message="Unsuccessful to move to Home Page">
      <![CDATA[java.lang.AssertionError: Unsuccessful to move to Home Page
	at com.Shell.qa.TestCases.TC01_LoginPageTest.LoginTest(TC01_LoginPageTest.java:71)
... Removed 25 stack frames]]>
    </failure>
  </testcase> <!-- LoginTest -->
  <testcase name="LoginTest" time="12.765" classname="com.Shell.qa.TestCases.TC01_LoginPageTest">
    <failure type="java.lang.AssertionError" message="Unsuccessful to move to Home Page">
      <![CDATA[java.lang.AssertionError: Unsuccessful to move to Home Page
	at com.Shell.qa.TestCases.TC01_LoginPageTest.LoginTest(TC01_LoginPageTest.java:71)
... Removed 25 stack frames]]>
    </failure>
  </testcase> <!-- LoginTest -->
</testsuite> <!-- TC01_LoginPageTest -->
