<?xml version="1.0" encoding="UTF-8"?>
<!-- Generated by org.testng.reporters.JUnitXMLReporter -->
<testsuite hostname="SHELW42SLPC0883" name="TC02_HomePageTest" tests="3" failures="0" timestamp="24 Oct 2019 05:47:08 GMT" time="135.92" errors="0">
  <testcase name="ValidateHomePage" time="0.149" classname="com.Shell.qa.TestCases.TC02_HomePageTest"/>
  <testcase name="TC82953_TC82954" time="22.795" classname="com.Shell.qa.TestCases.TC02_HomePageTest"/>
  <testcase name="HomeTest" time="23.895" classname="com.Shell.qa.TestCases.TC02_HomePageTest"/>
</testsuite> <!-- TC02_HomePageTest -->
